meta 1
So span
that span
means span
tomorrow span
cruda eng
segura eng
lol span

meta 2
Tonight span
peda eng
segura eng

meta 3
Eres eng
tan eng
mala eng
vieja eng
bruja eng
interesada eng

meta 4
Yo eng
kiero eng
Pretzels ne
lol span

meta 5
Fuck span
that span
ni eng
ke eng
el eng
me eng
vaya eng
a eng
mantener eng
toda eng
la eng
vida eng
lol span

meta 6
I span
always span
tell span
my span
dad span
ke eng
me eng
kiero eng
kasar eng
con eng
una eng
vieja eng
rika eng
and span
me eng
regaña eng
telling span
me span
ke eng
no eng
sea eng
interesada eng
ha eng

meta 7
Ke eng
me eng
compre eng
un eng
carrito eng
pa eng
irme eng
con eng
mis eng
friends span
and span
party span
lol span

meta 8
Why span
can span
I span
just span
find span
a span
rich span
bitch span
ke eng
me eng
mantenga eng
y eng
ya eng
ha eng

meta 9
Since span
I span
started span
working span
ya eng
ni eng
disfruto eng
la eng
vida eng
lol span

meta 10
My span
dad span
me eng
regano eng
cuzs span
I span
was span
telling span
that span
to span
my span
brother span
and span
lo eng
andaba eng
molestando eng
lol span

meta 11
If span
u span
still span
love span
her span
you span
should span
give span
her span
otro eng
chance eng

meta 12
Tengo eng
hungry span
mhm eng

meta 13
Teachers span
be span
staring span
at span
me span
like span
im span
high span
they span
gotta span
accept span
my span
eyes span
parecen eng
de eng
camaron eng

meta 14
Bien eng
fatass span
ha eng

meta 15
lmao span
yeah span
sure span
el eng
tuyo eng
parece eng
ke eng
te eng
lo eng
iso eng
un eng
lil span
kid span

meta 16
ha span
do span
n't span
lie span
los eng
mios eng
bolian eng
a eng
febrezee eng

meta 17
lo eng
levantaste eng
con eng
una eng
de eng
tus eng
bombas eng
lmao span

meta 18
I span
'm span
an span
asshole span
to span
gabby ne
lol span
ok span
ya eng

meta 19
actually span
yo eng
me eng
bajaba eng
porke eng
te eng
echabas eng
unos eng
pedos eng
bien eng
apestosos eng
ke eng
no eng
aguantaba eng
fumigabas eng
todo eng
el eng
room span

meta 20
ha eng
u eng
know eng
is eng
true eng
parece span
ke span
te span
esta span
dando span
un span
atake span

meta 21
